{"time":"2026-04-08T14:58:22.1041624+03:00","level":"INFO","msg":"hi!"}
{"time":"2026-04-08T14:59:18.7379044+03:00","level":"INFO","source":{"function":"main.main","file":"D:/program/job/max/max_lomobot/max_miniapp/cmd/app/main.go","line":19},"msg":"hi!"}
{"time":"2026-04-08T15:00:11.2702568+03:00","level":"DEBUG","source":{"function":"main.main","file":"D:/program/job/max/max_lomobot/max_miniapp/cmd/app/main.go","line":19},"msg":"hi!"}
{"time":"2026-04-08T15:29:25.6196399+03:00","level":"DEBUG","source":{"function":"main.main","file":"D:/program/job/max/max_lomobot/max_miniapp/cmd/app/main.go","line":24},"msg":"try run bot"}
2026/04/08 15:37:18 attempt 2 failed, retrying in 2s: failed to get updates: API error 401: verify.token (Invalid access_token)
2026/04/08 15:37:20 failed to get updates: failed after 3 attempts: failed to get updates: API error 401: verify.token (Invalid access_token)
2026/04/08 15:37:20 attempt 1 failed, retrying in 1s: failed to get updates: API error 401: verify.token (Invalid access_token)
2026/04/08 15:37:21 attempt 2 failed, retrying in 2s: failed to get updates: API error 401: verify.token (Invalid access_token)
2026/04/08 15:37:23 failed to get updates: failed after 3 attempts: failed to get updates: API error 401: verify.token (Invalid access_token)
2026/04/08 15:37:23 attempt 1 failed, retrying in 1s: failed to get updates: API error 401: verify.token (Invalid access_token)
2026/04/08 15:37:23 failed to get updates: context canceled
{"time":"2026-04-08T15:38:31.3336996+03:00","level":"DEBUG","source":{"function":"main.main.main.BotLoggingMiddleware.func1.func2","file":"D:/program/job/max/max_lomobot/max_miniapp/iternal/delivery/middleware/bot_logger.go","line":17},"msg":"processing update","type":"*schemes.BotStartedUpdate"}
{"time":"2026-04-08T15:38:31.3595259+03:00","level":"INFO","source":{"function":"main.main.main.BotLoggingMiddleware.func1.func2","file":"D:/program/job/max/max_lomobot/max_miniapp/iternal/delivery/middleware/bot_logger.go","line":23},"msg":"update succeeded","duration":25826300}
{"time":"2026-04-08T15:55:35.7880957+03:00","level":"DEBUG","source":{"function":"main.main.main.BotLoggingMiddleware.func1.func2","file":"D:/program/job/max/max_lomobot/max_miniapp/iternal/delivery/middleware/bot_logger.go","line":17},"msg":"processing update","type":"*schemes.MessageCreatedUpdate"}
{"time":"2026-04-08T15:55:36.0352488+03:00","level":"INFO","source":{"function":"main.main.main.BotLoggingMiddleware.func1.func2","file":"D:/program/job/max/max_lomobot/max_miniapp/iternal/delivery/middleware/bot_logger.go","line":23},"msg":"update succeeded","duration":247153100}
{"time":"2026-04-08T15:55:48.8249602+03:00","level":"DEBUG","source":{"function":"main.main.main.BotLoggingMiddleware.func1.func2","file":"D:/program/job/max/max_lomobot/max_miniapp/iternal/delivery/middleware/bot_logger.go","line":17},"msg":"processing update","type":"*schemes.MessageCreatedUpdate"}
{"time":"2026-04-08T15:55:49.0648449+03:00","level":"INFO","source":{"function":"main.main.main.BotLoggingMiddleware.func1.func2","file":"D:/program/job/max/max_lomobot/max_miniapp/iternal/delivery/middleware/bot_logger.go","line":23},"msg":"update succeeded","duration":239884700}
{"time":"2026-04-08T15:59:18.5384116+03:00","level":"DEBUG","source":{"function":"main.main.main.BotLoggingMiddleware.func1.func2","file":"D:/program/job/max/max_lomobot/max_miniapp/iternal/delivery/middleware/bot_logger.go","line":17},"msg":"processing update","type":"*schemes.MessageCreatedUpdate"}
{"time":"2026-04-08T15:59:18.7649176+03:00","level":"INFO","source":{"function":"main.main.main.BotLoggingMiddleware.func1.func2","file":"D:/program/job/max/max_lomobot/max_miniapp/iternal/delivery/middleware/bot_logger.go","line":23},"msg":"update succeeded","duration":226506000}
2026/04/08 16:11:24 failed to get updates: context canceled
2026/04/08 16:11:24 failed to get updates: context canceled
{"time":"2026-04-08T16:21:03.6873431+03:00","level":"DEBUG","source":{"function":"main.main.main.BotLoggingMiddleware.func1.func2","file":"D:/program/job/max/max_lomobot/max_miniapp/iternal/delivery/middleware/bot_logger.go","line":17},"msg":"processing update","type":"*schemes.MessageCreatedUpdate"}
{"time":"2026-04-08T16:21:03.8980154+03:00","level":"INFO","source":{"function":"main.main.main.BotLoggingMiddleware.func1.func2","file":"D:/program/job/max/max_lomobot/max_miniapp/iternal/delivery/middleware/bot_logger.go","line":23},"msg":"update succeeded","duration":210672300}
{"time":"2026-04-08T16:22:02.5492993+03:00","level":"DEBUG","source":{"function":"main.main.main.BotLoggingMiddleware.func1.func2","file":"D:/program/job/max/max_lomobot/max_bot/iternal/delivery/middleware/bot_logger.go","line":17},"msg":"processing update","type":"*schemes.MessageCreatedUpdate"}
{"time":"2026-04-08T16:22:02.7761336+03:00","level":"INFO","source":{"function":"main.main.main.BotLoggingMiddleware.func1.func2","file":"D:/program/job/max/max_lomobot/max_bot/iternal/delivery/middleware/bot_logger.go","line":23},"msg":"update succeeded","duration":226834300}
{"time":"2026-04-08T16:22:57.8316271+03:00","level":"DEBUG","source":{"function":"main.main.main.BotLoggingMiddleware.func1.func2","file":"D:/program/job/max/max_lomobot/max_bot/iternal/delivery/middleware/bot_logger.go","line":17},"msg":"processing update","type":"*schemes.MessageCreatedUpdate"}
{"time":"2026-04-08T16:22:57.9264626+03:00","level":"INFO","source":{"function":"main.main.main.BotLoggingMiddleware.func1.func2","file":"D:/program/job/max/max_lomobot/max_bot/iternal/delivery/middleware/bot_logger.go","line":23},"msg":"update succeeded","duration":95362400}
{"time":"2026-04-08T16:23:02.1844583+03:00","level":"DEBUG","source":{"function":"main.main.main.BotLoggingMiddleware.func1.func2","file":"D:/program/job/max/max_lomobot/max_bot/iternal/delivery/middleware/bot_logger.go","line":17},"msg":"processing update","type":"*schemes.MessageCreatedUpdate"}
{"time":"2026-04-08T16:23:02.2488463+03:00","level":"INFO","source":{"function":"main.main.main.BotLoggingMiddleware.func1.func2","file":"D:/program/job/max/max_lomobot/max_bot/iternal/delivery/middleware/bot_logger.go","line":23},"msg":"update succeeded","duration":64388000}
{"time":"2026-04-08T16:25:48.1810761+03:00","level":"DEBUG","source":{"function":"main.main.main.BotLoggingMiddleware.func1.func2","file":"D:/program/job/max/max_lomobot/max_bot/iternal/delivery/middleware/bot_logger.go","line":17},"msg":"processing update","type":"*schemes.MessageCreatedUpdate"}
{"time":"2026-04-08T16:25:55.22459+03:00","level":"INFO","source":{"function":"main.main.main.BotLoggingMiddleware.func1.func2","file":"D:/program/job/max/max_lomobot/max_bot/iternal/delivery/middleware/bot_logger.go","line":23},"msg":"update succeeded","duration":7043513900}
